#! /usr/bin/vvp
:ivl_version "13.0 (stable)" "(v13_0-dirty)";
:ivl_delay_selection "TYPICAL";
:vpi_time_precision + 0;
:vpi_module "/usr/lib/ivl/system.vpi";
:vpi_module "/usr/lib/ivl/vhdl_sys.vpi";
:vpi_module "/usr/lib/ivl/vhdl_textio.vpi";
:vpi_module "/usr/lib/ivl/v2005_math.vpi";
:vpi_module "/usr/lib/ivl/va_math.vpi";
S_0x55e1dcf0c120 .scope module, "cpu_top" "cpu_top" 2 1;
 .timescale 0 0;
    .port_info 0 /INPUT 1 "clk";
    .port_info 1 /INPUT 1 "rst";
    .port_info 2 /OUTPUT 1 "halt";
P_0x55e1dcf0c2b0 .param/l "DECODE" 1 2 39, C4<01>;
P_0x55e1dcf0c2f0 .param/l "EXECUTE" 1 2 41, C4<11>;
P_0x55e1dcf0c330 .param/l "FETCH" 1 2 38, C4<00>;
P_0x55e1dcf0c370 .param/l "FETCH_ext" 1 2 40, C4<10>;
o0x7fc5faef4ac8 .functor BUFZ 1, c4<z>; HiZ drive
L_0x55e1dcefbae0 .functor AND 1, L_0x55e1dcf30e30, o0x7fc5faef4ac8, C4<1>, C4<1>;
o0x7fc5faef4bb8 .functor BUFZ 1, c4<z>; HiZ drive
L_0x55e1dcf31ae0 .functor AND 1, L_0x55e1dcf31c60, o0x7fc5faef4bb8, C4<1>, C4<1>;
o0x7fc5faef4978 .functor BUFZ 1, c4<z>; HiZ drive
L_0x55e1dcf31f70 .functor AND 1, L_0x55e1dcf31e40, o0x7fc5faef4978, C4<1>, C4<1>;
o0x7fc5faef4498 .functor BUFZ 1, c4<z>; HiZ drive
L_0x55e1dcf31d50 .functor AND 1, L_0x55e1dcf320c0, o0x7fc5faef4498, C4<1>, C4<1>;
o0x7fc5faef43d8 .functor BUFZ 1, c4<z>; HiZ drive
L_0x55e1dcf32350 .functor AND 1, L_0x55e1dcf32260, o0x7fc5faef43d8, C4<1>, C4<1>;
v0x55e1dcf2d410_0 .var "FLAGS", 2 0;
v0x55e1dcf2d510_0 .var "IR", 15 0;
v0x55e1dcf2d5f0_0 .var "IR_ext", 15 0;
v0x55e1dcf2d6b0_0 .var "PC", 14 0;
o0x7fc5faef43a8 .functor BUFZ 1, c4<z>; HiZ drive
v0x55e1dcf2d790_0 .net "PC_wr_data", 0 0, o0x7fc5faef43a8;  0 drivers
v0x55e1dcf2d850_0 .net "PC_wr_en", 0 0, o0x7fc5faef43d8;  0 drivers
v0x55e1dcf2d910_0 .net "PC_wr_enable", 0 0, L_0x55e1dcf32350;  1 drivers
v0x55e1dcf2d9d0_0 .var "SP", 14 0;
o0x7fc5faef4468 .functor BUFZ 1, c4<z>; HiZ drive
v0x55e1dcf2dab0_0 .net "SP_wr_data", 0 0, o0x7fc5faef4468;  0 drivers
v0x55e1dcf2dc00_0 .net "SP_wr_en", 0 0, o0x7fc5faef4498;  0 drivers
v0x55e1dcf2dcc0_0 .net "SP_wr_enable", 0 0, L_0x55e1dcf31d50;  1 drivers
v0x55e1dcf2dd80_0 .net *"_ivl_13", 3 0, L_0x55e1dcf30c00;  1 drivers
L_0x7fc5fabb7018 .functor BUFT 1, C4<0>, C4<0>, C4<0>, C4<0>;
v0x55e1dcf2de60_0 .net *"_ivl_17", 0 0, L_0x7fc5fabb7018;  1 drivers
L_0x7fc5fabb7060 .functor BUFT 1, C4<011>, C4<0>, C4<0>, C4<0>;
v0x55e1dcf2df40_0 .net/2u *"_ivl_18", 2 0, L_0x7fc5fabb7060;  1 drivers
v0x55e1dcf2e020_0 .net *"_ivl_20", 0 0, L_0x55e1dcf30e30;  1 drivers
L_0x7fc5fabb70a8 .functor BUFT 1, C4<000>, C4<0>, C4<0>, C4<0>;
v0x55e1dcf2e0e0_0 .net/2u *"_ivl_24", 2 0, L_0x7fc5fabb70a8;  1 drivers
v0x55e1dcf2e1c0_0 .net *"_ivl_26", 0 0, L_0x55e1dcf30fc0;  1 drivers
v0x55e1dcf2e390_0 .net *"_ivl_30", 15 0, L_0x55e1dcf31540;  1 drivers
v0x55e1dcf2e470_0 .net *"_ivl_32", 4 0, L_0x55e1dcf31650;  1 drivers
L_0x7fc5fabb7138 .functor BUFT 1, C4<0000>, C4<0>, C4<0>, C4<0>;
v0x55e1dcf2e550_0 .net *"_ivl_35", 3 0, L_0x7fc5fabb7138;  1 drivers
v0x55e1dcf2e630_0 .net *"_ivl_38", 15 0, L_0x55e1dcf31950;  1 drivers
v0x55e1dcf2e710_0 .net *"_ivl_40", 4 0, L_0x55e1dcf319f0;  1 drivers
L_0x7fc5fabb7180 .functor BUFT 1, C4<0000>, C4<0>, C4<0>, C4<0>;
v0x55e1dcf2e7f0_0 .net *"_ivl_43", 3 0, L_0x7fc5fabb7180;  1 drivers
L_0x7fc5fabb71c8 .functor BUFT 1, C4<011>, C4<0>, C4<0>, C4<0>;
v0x55e1dcf2e8d0_0 .net/2u *"_ivl_46", 2 0, L_0x7fc5fabb71c8;  1 drivers
v0x55e1dcf2e9b0_0 .net *"_ivl_48", 0 0, L_0x55e1dcf31c60;  1 drivers
v0x55e1dcf2ea70_0 .net *"_ivl_5", 2 0, L_0x55e1dcf308c0;  1 drivers
L_0x7fc5fabb7210 .functor BUFT 1, C4<011>, C4<0>, C4<0>, C4<0>;
v0x55e1dcf2eb50_0 .net/2u *"_ivl_52", 2 0, L_0x7fc5fabb7210;  1 drivers
v0x55e1dcf2ec30_0 .net *"_ivl_54", 0 0, L_0x55e1dcf31e40;  1 drivers
L_0x7fc5fabb7258 .functor BUFT 1, C4<011>, C4<0>, C4<0>, C4<0>;
v0x55e1dcf2ecf0_0 .net/2u *"_ivl_58", 2 0, L_0x7fc5fabb7258;  1 drivers
v0x55e1dcf2edd0_0 .net *"_ivl_60", 0 0, L_0x55e1dcf320c0;  1 drivers
L_0x7fc5fabb72a0 .functor BUFT 1, C4<011>, C4<0>, C4<0>, C4<0>;
v0x55e1dcf2ee90_0 .net/2u *"_ivl_64", 2 0, L_0x7fc5fabb72a0;  1 drivers
v0x55e1dcf2ef70_0 .net *"_ivl_66", 0 0, L_0x55e1dcf32260;  1 drivers
v0x55e1dcf2f030_0 .net *"_ivl_9", 2 0, L_0x55e1dcf30a80;  1 drivers
o0x7fc5faef40a8 .functor BUFZ 1, c4<z>; HiZ drive
v0x55e1dcf2f320_0 .net "clk", 0 0, o0x7fc5faef40a8;  0 drivers
o0x7fc5faef4918 .functor BUFZ 15, c4<zzzzzzzzzzzzzzz>; HiZ drive
v0x55e1dcf2f3c0_0 .net "exec_ram_rd_addr", 14 0, o0x7fc5faef4918;  0 drivers
o0x7fc5faef4948 .functor BUFZ 1, c4<z>; HiZ drive
v0x55e1dcf2f480_0 .net "flag_wr_data", 0 0, o0x7fc5faef4948;  0 drivers
v0x55e1dcf2f540_0 .net "flag_wr_en", 0 0, o0x7fc5faef4978;  0 drivers
v0x55e1dcf2f600_0 .net "flag_wr_enable", 0 0, L_0x55e1dcf31f70;  1 drivers
o0x7fc5faef49d8 .functor BUFZ 1, c4<z>; HiZ drive
v0x55e1dcf2f6c0_0 .net "halt", 0 0, o0x7fc5faef49d8;  0 drivers
v0x55e1dcf2f780_0 .net "imm", 4 0, L_0x55e1dcf30ca0;  1 drivers
v0x55e1dcf2f860_0 .net "mode_bit", 0 0, L_0x55e1dcf30820;  1 drivers
v0x55e1dcf2f920_0 .var "next_state", 2 0;
v0x55e1dcf2fa00_0 .net "opcode", 4 0, L_0x55e1dcf30780;  1 drivers
v0x55e1dcf2fae0_0 .net "ram_rd_addr", 14 0, L_0x55e1dcf31160;  1 drivers
o0x7fc5faef40d8 .functor BUFZ 16, c4<zzzzzzzzzzzzzzzz>; HiZ drive
v0x55e1dcf2fba0_0 .net "ram_rd_data", 15 0, o0x7fc5faef40d8;  0 drivers
o0x7fc5faef4198 .functor BUFZ 15, c4<zzzzzzzzzzzzzzz>; HiZ drive
v0x55e1dcf2fc40_0 .net "ram_wr_addr", 14 0, o0x7fc5faef4198;  0 drivers
v0x55e1dcf2fce0_0 .net "ram_wr_data", 15 0, L_0x55e1dcf31430;  1 drivers
v0x55e1dcf2fd80_0 .net "ram_wr_en", 0 0, o0x7fc5faef4ac8;  0 drivers
v0x55e1dcf2fe20_0 .net "ram_wr_enable", 0 0, L_0x55e1dcefbae0;  1 drivers
v0x55e1dcf2fec0_0 .net "rd_addr", 0 0, L_0x55e1dcf30960;  1 drivers
v0x55e1dcf2ff60_0 .net "rd_data", 0 0, L_0x55e1dcf31b70;  1 drivers
o0x7fc5faef4b58 .functor BUFZ 1, c4<z>; HiZ drive
v0x55e1dcf30020_0 .net "reg_wr_addr", 0 0, o0x7fc5faef4b58;  0 drivers
o0x7fc5faef4b88 .functor BUFZ 1, c4<z>; HiZ drive
v0x55e1dcf300e0_0 .net "reg_wr_data", 0 0, o0x7fc5faef4b88;  0 drivers
v0x55e1dcf301a0_0 .net "reg_wr_en", 0 0, o0x7fc5faef4bb8;  0 drivers
v0x55e1dcf30260_0 .net "reg_wr_enable", 0 0, L_0x55e1dcf31ae0;  1 drivers
v0x55e1dcf30320 .array "regfile", 0 7, 15 0;
v0x55e1dcf303e0_0 .net "rs_addr", 0 0, L_0x55e1dcf30b20;  1 drivers
v0x55e1dcf304a0_0 .net "rs_data", 0 0, L_0x55e1dcf317e0;  1 drivers
o0x7fc5faef4c78 .functor BUFZ 1, c4<z>; HiZ drive
v0x55e1dcf30560_0 .net "rst", 0 0, o0x7fc5faef4c78;  0 drivers
v0x55e1dcf30620_0 .var "state", 2 0;
E_0x55e1dcf05270 .event anyedge, v0x55e1dcf30620_0, v0x55e1dcf2f860_0;
E_0x55e1dcf00030 .event posedge, v0x55e1dcf30560_0, v0x55e1dcf2cd40_0;
L_0x55e1dcf30780 .part v0x55e1dcf2d510_0, 11, 5;
L_0x55e1dcf30820 .part v0x55e1dcf2d510_0, 10, 1;
L_0x55e1dcf308c0 .part v0x55e1dcf2d510_0, 7, 3;
L_0x55e1dcf30960 .part L_0x55e1dcf308c0, 0, 1;
L_0x55e1dcf30a80 .part v0x55e1dcf2d510_0, 4, 3;
L_0x55e1dcf30b20 .part L_0x55e1dcf30a80, 0, 1;
L_0x55e1dcf30c00 .part v0x55e1dcf2d510_0, 0, 4;
L_0x55e1dcf30ca0 .concat [ 4 1 0 0], L_0x55e1dcf30c00, L_0x7fc5fabb7018;
L_0x55e1dcf30e30 .cmp/eq 3, v0x55e1dcf30620_0, L_0x7fc5fabb7060;
L_0x55e1dcf30fc0 .cmp/eq 3, v0x55e1dcf30620_0, L_0x7fc5fabb70a8;
L_0x55e1dcf31160 .functor MUXZ 15, o0x7fc5faef4918, v0x55e1dcf2d6b0_0, L_0x55e1dcf30fc0, C4<>;
L_0x55e1dcf31540 .array/port v0x55e1dcf30320, L_0x55e1dcf31650;
L_0x55e1dcf31650 .concat [ 1 4 0 0], L_0x55e1dcf30b20, L_0x7fc5fabb7138;
L_0x55e1dcf317e0 .part L_0x55e1dcf31540, 0, 1;
L_0x55e1dcf31950 .array/port v0x55e1dcf30320, L_0x55e1dcf319f0;
L_0x55e1dcf319f0 .concat [ 1 4 0 0], L_0x55e1dcf30960, L_0x7fc5fabb7180;
L_0x55e1dcf31b70 .part L_0x55e1dcf31950, 0, 1;
L_0x55e1dcf31c60 .cmp/eq 3, v0x55e1dcf30620_0, L_0x7fc5fabb71c8;
L_0x55e1dcf31e40 .cmp/eq 3, v0x55e1dcf30620_0, L_0x7fc5fabb7210;
L_0x55e1dcf320c0 .cmp/eq 3, v0x55e1dcf30620_0, L_0x7fc5fabb7258;
L_0x55e1dcf32260 .cmp/eq 3, v0x55e1dcf30620_0, L_0x7fc5fabb72a0;
S_0x55e1dcefc490 .scope module, "myRam" "ram" 2 143, 3 1 0, S_0x55e1dcf0c120;
 .timescale 0 0;
    .port_info 0 /INPUT 1 "clk";
    .port_info 1 /INPUT 1 "we";
    .port_info 2 /INPUT 15 "rd_addr";
    .port_info 3 /INPUT 15 "wr_addr";
    .port_info 4 /INPUT 16 "din";
    .port_info 5 /OUTPUT 16 "dout";
L_0x55e1dcf31430 .functor BUFZ 16, L_0x55e1dcf31250, C4<0000000000000000>, C4<0000000000000000>, C4<0000000000000000>;
v0x55e1dcefb040_0 .net *"_ivl_0", 15 0, L_0x55e1dcf31250;  1 drivers
v0x55e1dcefbbf0_0 .net *"_ivl_2", 16 0, L_0x55e1dcf312f0;  1 drivers
L_0x7fc5fabb70f0 .functor BUFT 1, C4<00>, C4<0>, C4<0>, C4<0>;
v0x55e1dcf2cc80_0 .net *"_ivl_5", 1 0, L_0x7fc5fabb70f0;  1 drivers
v0x55e1dcf2cd40_0 .net "clk", 0 0, o0x7fc5faef40a8;  alias, 0 drivers
v0x55e1dcf2ce00_0 .net "din", 15 0, o0x7fc5faef40d8;  alias, 0 drivers
v0x55e1dcf2cf30_0 .net "dout", 15 0, L_0x55e1dcf31430;  alias, 1 drivers
v0x55e1dcf2d010 .array "mem", 32767 0, 15 0;
v0x55e1dcf2d0d0_0 .net "rd_addr", 14 0, L_0x55e1dcf31160;  alias, 1 drivers
v0x55e1dcf2d1b0_0 .net "we", 0 0, L_0x55e1dcefbae0;  alias, 1 drivers
v0x55e1dcf2d270_0 .net "wr_addr", 14 0, o0x7fc5faef4198;  alias, 0 drivers
E_0x55e1dcf08560 .event posedge, v0x55e1dcf2cd40_0;
L_0x55e1dcf31250 .array/port v0x55e1dcf2d010, L_0x55e1dcf312f0;
L_0x55e1dcf312f0 .concat [ 15 2 0 0], L_0x55e1dcf31160, L_0x7fc5fabb70f0;
    .scope S_0x55e1dcefc490;
T_0 ;
    %wait E_0x55e1dcf08560;
    %load/vec4 v0x55e1dcf2d1b0_0;
    %flag_set/vec4 8;
    %jmp/0xz  T_0.0, 8;
    %load/vec4 v0x55e1dcf2ce00_0;
    %load/vec4 v0x55e1dcf2d270_0;
    %pad/u 17;
    %ix/vec4 3;
    %ix/load 4, 0, 0; Constant delay
    %assign/vec4/a/d v0x55e1dcf2d010, 0, 4;
T_0.0 ;
    %jmp T_0;
    .thread T_0;
    .scope S_0x55e1dcf0c120;
T_1 ;
    %pushi/vec4 0, 0, 15;
    %store/vec4 v0x55e1dcf2d6b0_0, 0, 15;
    %pushi/vec4 32767, 0, 15;
    %store/vec4 v0x55e1dcf2d9d0_0, 0, 15;
    %end;
    .thread T_1;
    .scope S_0x55e1dcf0c120;
T_2 ;
    %wait E_0x55e1dcf00030;
    %load/vec4 v0x55e1dcf30560_0;
    %flag_set/vec4 8;
    %jmp/0xz  T_2.0, 8;
    %pushi/vec4 0, 0, 3;
    %assign/vec4 v0x55e1dcf30620_0, 0;
    %pushi/vec4 0, 0, 15;
    %assign/vec4 v0x55e1dcf2d6b0_0, 0;
    %pushi/vec4 32767, 0, 15;
    %assign/vec4 v0x55e1dcf2d9d0_0, 0;
    %jmp T_2.1;
T_2.0 ;
    %load/vec4 v0x55e1dcf2f920_0;
    %assign/vec4 v0x55e1dcf30620_0, 0;
T_2.1 ;
    %jmp T_2;
    .thread T_2;
    .scope S_0x55e1dcf0c120;
T_3 ;
    %wait E_0x55e1dcf05270;
    %load/vec4 v0x55e1dcf30620_0;
    %dup/vec4;
    %pushi/vec4 0, 0, 3;
    %cmp/u;
    %jmp/1 T_3.0, 6;
    %dup/vec4;
    %pushi/vec4 1, 0, 3;
    %cmp/u;
    %jmp/1 T_3.1, 6;
    %dup/vec4;
    %pushi/vec4 2, 0, 3;
    %cmp/u;
    %jmp/1 T_3.2, 6;
    %dup/vec4;
    %pushi/vec4 3, 0, 3;
    %cmp/u;
    %jmp/1 T_3.3, 6;
    %jmp T_3.4;
T_3.0 ;
    %pushi/vec4 1, 0, 3;
    %store/vec4 v0x55e1dcf2f920_0, 0, 3;
    %jmp T_3.4;
T_3.1 ;
    %load/vec4 v0x55e1dcf2f860_0;
    %pad/u 32;
    %cmpi/e 0, 0, 32;
    %flag_mov 8, 4;
    %jmp/0 T_3.5, 8;
    %pushi/vec4 3, 0, 3;
    %jmp/1 T_3.6, 8;
T_3.5 ; End of true expr.
    %pushi/vec4 2, 0, 3;
    %jmp/0 T_3.6, 8;
 ; End of false expr.
    %blend;
T_3.6;
    %store/vec4 v0x55e1dcf2f920_0, 0, 3;
    %jmp T_3.4;
T_3.2 ;
    %pushi/vec4 3, 0, 3;
    %store/vec4 v0x55e1dcf2f920_0, 0, 3;
    %jmp T_3.4;
T_3.3 ;
    %pushi/vec4 1, 0, 3;
    %store/vec4 v0x55e1dcf2f920_0, 0, 3;
    %jmp T_3.4;
T_3.4 ;
    %pop/vec4 1;
    %jmp T_3;
    .thread T_3, $push;
    .scope S_0x55e1dcf0c120;
T_4 ;
    %wait E_0x55e1dcf08560;
    %load/vec4 v0x55e1dcf30620_0;
    %dup/vec4;
    %pushi/vec4 0, 0, 3;
    %cmp/u;
    %jmp/1 T_4.0, 6;
    %dup/vec4;
    %pushi/vec4 2, 0, 3;
    %cmp/u;
    %jmp/1 T_4.1, 6;
    %jmp T_4.2;
T_4.0 ;
    %load/vec4 v0x55e1dcf2fba0_0;
    %assign/vec4 v0x55e1dcf2d510_0, 0;
    %load/vec4 v0x55e1dcf2d6b0_0;
    %addi 1, 0, 15;
    %assign/vec4 v0x55e1dcf2d6b0_0, 0;
    %jmp T_4.2;
T_4.1 ;
    %load/vec4 v0x55e1dcf2fba0_0;
    %assign/vec4 v0x55e1dcf2d5f0_0, 0;
    %load/vec4 v0x55e1dcf2d6b0_0;
    %addi 1, 0, 15;
    %assign/vec4 v0x55e1dcf2d6b0_0, 0;
    %jmp T_4.2;
T_4.2 ;
    %pop/vec4 1;
    %jmp T_4;
    .thread T_4;
    .scope S_0x55e1dcf0c120;
T_5 ;
    %wait E_0x55e1dcf08560;
    %load/vec4 v0x55e1dcf30260_0;
    %flag_set/vec4 8;
    %jmp/0xz  T_5.0, 8;
    %load/vec4 v0x55e1dcf300e0_0;
    %pad/u 16;
    %load/vec4 v0x55e1dcf30020_0;
    %pad/u 5;
    %ix/vec4 3;
    %ix/load 4, 0, 0; Constant delay
    %assign/vec4/a/d v0x55e1dcf30320, 0, 4;
T_5.0 ;
    %load/vec4 v0x55e1dcf2f600_0;
    %flag_set/vec4 8;
    %jmp/0xz  T_5.2, 8;
    %load/vec4 v0x55e1dcf2f480_0;
    %pad/u 3;
    %assign/vec4 v0x55e1dcf2d410_0, 0;
T_5.2 ;
    %load/vec4 v0x55e1dcf2d910_0;
    %flag_set/vec4 8;
    %jmp/0xz  T_5.4, 8;
    %load/vec4 v0x55e1dcf2d790_0;
    %pad/u 15;
    %assign/vec4 v0x55e1dcf2d6b0_0, 0;
T_5.4 ;
    %load/vec4 v0x55e1dcf2dcc0_0;
    %flag_set/vec4 8;
    %jmp/0xz  T_5.6, 8;
    %load/vec4 v0x55e1dcf2dab0_0;
    %pad/u 15;
    %assign/vec4 v0x55e1dcf2d9d0_0, 0;
T_5.6 ;
    %jmp T_5;
    .thread T_5;
# The file index is used to find the file name in the following table.
:file_names 4;
    "N/A";
    "<interactive>";
    "cpu_top.v";
    "ram.v";
